#
# There is insufficient memory for the Java Runtime Environment to continue.
# Native memory allocation (malloc) failed to allocate 1413776 bytes. Error detail: Chunk::new
# Possible reasons:
#   The system is out of physical RAM or swap space
#   This process is running with CompressedOops enabled, and the Java Heap may be blocking the growth of the native heap
# Possible solutions:
#   Reduce memory load on the system
#   Increase physical memory or swap space
#   Check if swap backing store is full
#   Decrease Java heap size (-Xmx/-Xms)
#   Decrease number of Java threads
#   Decrease Java thread stack sizes (-Xss)
#   Set larger code cache with -XX:ReservedCodeCacheSize=
#   JVM is running with Unscaled Compressed Oops mode in which the Java heap is
#     placed in the first 4GB address space. The Java Heap base address is the
#     maximum limit for the native heap growth. Please use -XX:HeapBaseMinAddress
#     to set the Java Heap base and to place the Java Heap above 4GB virtual address.
# This output file may be truncated or incomplete.
#
#  Out of Memory Error (arena.cpp:168), pid=76340, tid=74080
#
# JRE version: OpenJDK Runtime Environment (21.0.8) (build 21.0.8+-14196175-b1038.72)
# Java VM: OpenJDK 64-Bit Server VM (21.0.8+-14196175-b1038.72, mixed mode, tiered, compressed oops, compressed class ptrs, g1 gc, windows-amd64)
# No core dump will be written. Minidumps are not enabled by default on client versions of Windows
#

---------------  S U M M A R Y ------------

Command Line: --add-opens=java.base/java.lang=ALL-UNNAMED --add-opens=java.base/java.lang.invoke=ALL-UNNAMED --add-opens=java.base/java.util=ALL-UNNAMED --add-opens=java.prefs/java.util.prefs=ALL-UNNAMED --add-exports=jdk.compiler/com.sun.tools.javac.api=ALL-UNNAMED --add-exports=jdk.compiler/com.sun.tools.javac.util=ALL-UNNAMED --add-opens=java.base/java.util=ALL-UNNAMED --add-opens=java.prefs/java.util.prefs=ALL-UNNAMED --add-opens=java.base/java.nio.charset=ALL-UNNAMED --add-opens=java.base/java.net=ALL-UNNAMED --add-opens=java.base/java.util.concurrent.atomic=ALL-UNNAMED --add-opens=java.xml/javax.xml.namespace=ALL-UNNAMED -Xmx2048m -Dfile.encoding=UTF-8 -Duser.country=IN -Duser.language=en -Duser.variant -javaagent:C:\Users\ADMIN\.gradle\wrapper\dists\gradle-8.13-bin\5xuhj0ry160q40clulazy9h7d\gradle-8.13\lib\agents\gradle-instrumentation-agent-8.13.jar org.gradle.launcher.daemon.bootstrap.GradleDaemon 8.13

Host: Intel(R) Core(TM) i5-8250U CPU @ 1.60GHz, 8 cores, 7G,  Windows 11 , 64 bit Build 26100 (10.0.26100.7309)
Time: Sat Jan  3 19:34:27 2026 India Standard Time elapsed time: 8.528603 seconds (0d 0h 0m 8s)

---------------  T H R E A D  ---------------

Current thread (0x00000246fb6c5d40):  JavaThread "C2 CompilerThread1" daemon [_thread_in_native, id=74080, stack(0x000000a204400000,0x000000a204500000) (1024K)]


Current CompileTask:
C2:8528 2703   !   4       java.lang.ClassLoader::loadClass (121 bytes)

Stack: [0x000000a204400000,0x000000a204500000]
Native frames: (J=compiled Java code, j=interpreted, Vv=VM code, C=native code)
V  [jvm.dll+0x6d68d9]
V  [jvm.dll+0x866693]
V  [jvm.dll+0x868c4e]
V  [jvm.dll+0x869333]
V  [jvm.dll+0x280566]
V  [jvm.dll+0xc07cd]
V  [jvm.dll+0xc0d03]
V  [jvm.dll+0x3b95e1]
V  [jvm.dll+0x1dfb24]
V  [jvm.dll+0x2493a4]
V  [jvm.dll+0x248821]
V  [jvm.dll+0x1c73a4]
V  [jvm.dll+0x257f9e]
V  [jvm.dll+0x2564e6]
V  [jvm.dll+0x3f4696]
V  [jvm.dll+0x80eac8]
V  [jvm.dll+0x6d512d]
C  [ucrtbase.dll+0x37b0]
C  [KERNEL32.DLL+0x2e8d7]
C  [ntdll.dll+0x8c53c]


---------------  P R O C E S S  ---------------

Threads class SMR info:
_java_thread_list=0x00000246fb22e2b0, length=25, elements={
0x00000246db6fff50, 0x00000246f51f09e0, 0x00000246f5221e40, 0x00000246f5223890,
0x00000246f5249b40, 0x00000246f524a5a0, 0x00000246f524bb70, 0x00000246f52646b0,
0x00000246f524f480, 0x00000246f5267c90, 0x00000246f555a690, 0x00000246f555b3b0,
0x00000246f5559970, 0x00000246f55585c0, 0x00000246f5558c50, 0x00000246f555a000,
0x00000246f55592e0, 0x00000246f56529e0, 0x00000246f5653070, 0x00000246f5653d90,
0x00000246f5652350, 0x00000246f5654ab0, 0x00000246f5654420, 0x00000246fb6c5d40,
0x00000246f5655140
}

Java Threads: ( => current thread )
  0x00000246db6fff50 JavaThread "main"                              [_thread_blocked, id=75200, stack(0x000000a201e00000,0x000000a201f00000) (1024K)]
  0x00000246f51f09e0 JavaThread "Common-Cleaner"             daemon [_thread_blocked, id=71168, stack(0x000000a202600000,0x000000a202700000) (1024K)]
  0x00000246f5221e40 JavaThread "Reference Handler"          daemon [_thread_blocked, id=9640, stack(0x000000a202700000,0x000000a202800000) (1024K)]
  0x00000246f5223890 JavaThread "Finalizer"                  daemon [_thread_blocked, id=20720, stack(0x000000a202800000,0x000000a202900000) (1024K)]
  0x00000246f5249b40 JavaThread "Signal Dispatcher"          daemon [_thread_blocked, id=11048, stack(0x000000a202900000,0x000000a202a00000) (1024K)]
  0x00000246f524a5a0 JavaThread "Attach Listener"            daemon [_thread_blocked, id=72484, stack(0x000000a202a00000,0x000000a202b00000) (1024K)]
  0x00000246f524bb70 JavaThread "Service Thread"             daemon [_thread_blocked, id=73300, stack(0x000000a202b00000,0x000000a202c00000) (1024K)]
  0x00000246f52646b0 JavaThread "Monitor Deflation Thread"   daemon [_thread_blocked, id=75376, stack(0x000000a202c00000,0x000000a202d00000) (1024K)]
  0x00000246f524f480 JavaThread "C2 CompilerThread0"         daemon [_thread_in_native, id=74592, stack(0x000000a202d00000,0x000000a202e00000) (1024K)]
  0x00000246f5267c90 JavaThread "C1 CompilerThread0"         daemon [_thread_blocked, id=75304, stack(0x000000a202e00000,0x000000a202f00000) (1024K)]
  0x00000246f555a690 JavaThread "Notification Thread"        daemon [_thread_blocked, id=69964, stack(0x000000a202f00000,0x000000a203000000) (1024K)]
  0x00000246f555b3b0 JavaThread "Daemon health stats"               [_thread_blocked, id=72696, stack(0x000000a203700000,0x000000a203800000) (1024K)]
  0x00000246f5559970 JavaThread "Incoming local TCP Connector on port 57959"        [_thread_in_native, id=69064, stack(0x000000a203000000,0x000000a203100000) (1024K)]
  0x00000246f55585c0 JavaThread "Daemon periodic checks"            [_thread_blocked, id=73788, stack(0x000000a203800000,0x000000a203900000) (1024K)]
  0x00000246f5558c50 JavaThread "Daemon"                            [_thread_blocked, id=49984, stack(0x000000a203900000,0x000000a203a00000) (1024K)]
  0x00000246f555a000 JavaThread "Handler for socket connection from /127.0.0.1:57959 to /127.0.0.1:57960"        [_thread_in_native, id=75680, stack(0x000000a203a00000,0x000000a203b00000) (1024K)]
  0x00000246f55592e0 JavaThread "Cancel handler"                    [_thread_blocked, id=20572, stack(0x000000a203b00000,0x000000a203c00000) (1024K)]
  0x00000246f56529e0 JavaThread "Daemon worker"                     [_thread_in_native, id=73596, stack(0x000000a203c00000,0x000000a203d00000) (1024K)]
  0x00000246f5653070 JavaThread "Asynchronous log dispatcher for DefaultDaemonConnection: socket connection from /127.0.0.1:57959 to /127.0.0.1:57960"        [_thread_blocked, id=64072, stack(0x000000a203d00000,0x000000a203e00000) (1024K)]
  0x00000246f5653d90 JavaThread "Stdin handler"                     [_thread_blocked, id=73620, stack(0x000000a203e00000,0x000000a203f00000) (1024K)]
  0x00000246f5652350 JavaThread "Daemon client event forwarder"        [_thread_blocked, id=74712, stack(0x000000a203f00000,0x000000a204000000) (1024K)]
  0x00000246f5654ab0 JavaThread "Cache worker for journal cache (C:\Users\ADMIN\.gradle\caches\journal-1)"        [_thread_blocked, id=73920, stack(0x000000a204200000,0x000000a204300000) (1024K)]
  0x00000246f5654420 JavaThread "File lock request listener"        [_thread_in_native, id=75904, stack(0x000000a204300000,0x000000a204400000) (1024K)]
=>0x00000246fb6c5d40 JavaThread "C2 CompilerThread1"         daemon [_thread_in_native, id=74080, stack(0x000000a204400000,0x000000a204500000) (1024K)]
  0x00000246f5655140 JavaThread "Cache worker for file hash cache (C:\Users\ADMIN\.gradle\caches\8.13\fileHashes)"        [_thread_blocked, id=4112, stack(0x000000a204500000,0x000000a204600000) (1024K)]
Total: 25

Other Threads:
  0x00000246f51cc950 VMThread "VM Thread"                           [id=41512, stack(0x000000a202500000,0x000000a202600000) (1024K)]
  0x00000246f5000580 WatcherThread "VM Periodic Task Thread"        [id=49556, stack(0x000000a202400000,0x000000a202500000) (1024K)]
  0x00000246dd9c2080 WorkerThread "GC Thread#0"                     [id=47884, stack(0x000000a201f00000,0x000000a202000000) (1024K)]
  0x00000246f5682320 WorkerThread "GC Thread#1"                     [id=75640, stack(0x000000a203200000,0x000000a203300000) (1024K)]
  0x00000246f58f54b0 WorkerThread "GC Thread#2"                     [id=49392, stack(0x000000a203300000,0x000000a203400000) (1024K)]
  0x00000246fa7fa160 WorkerThread "GC Thread#3"                     [id=75612, stack(0x000000a203100000,0x000000a203200000) (1024K)]
  0x00000246fa7fa500 WorkerThread "GC Thread#4"                     [id=37904, stack(0x000000a203400000,0x000000a203500000) (1024K)]
  0x00000246fadb8120 WorkerThread "GC Thread#5"                     [id=75836, stack(0x000000a203500000,0x000000a203600000) (1024K)]
  0x00000246fb0135c0 WorkerThread "GC Thread#6"                     [id=71440, stack(0x000000a203600000,0x000000a203700000) (1024K)]
  0x00000246f5781840 WorkerThread "GC Thread#7"                     [id=74104, stack(0x000000a204000000,0x000000a204100000) (1024K)]
  0x00000246dd9d2f70 ConcurrentGCThread "G1 Main Marker"            [id=74784, stack(0x000000a202000000,0x000000a202100000) (1024K)]
  0x00000246dd9d4020 WorkerThread "G1 Conc#0"                       [id=69900, stack(0x000000a202100000,0x000000a202200000) (1024K)]
  0x00000246f5782320 WorkerThread "G1 Conc#1"                       [id=73204, stack(0x000000a204100000,0x000000a204200000) (1024K)]
  0x00000246dda1ea60 ConcurrentGCThread "G1 Refine#0"               [id=68072, stack(0x000000a202200000,0x000000a202300000) (1024K)]
  0x00000246f4ec3ac0 ConcurrentGCThread "G1 Service"                [id=40232, stack(0x000000a202300000,0x000000a202400000) (1024K)]
Total: 15

Threads with active compile tasks:
C2 CompilerThread0  8579 2766       4       java.lang.invoke.MethodType::makeImpl (109 bytes)
C2 CompilerThread1  8579 2703   !   4       java.lang.ClassLoader::loadClass (121 bytes)
Total: 2

VM state: not at safepoint (normal execution)

VM Mutex/Monitor currently owned by a thread: None

Heap address: 0x0000000080000000, size: 2048 MB, Compressed Oops mode: 32-bit

CDS archive(s) not mapped
Compressed class space mapped at: 0x0000000100000000-0x0000000140000000, reserved size: 1073741824
Narrow klass base: 0x0000000000000000, Narrow klass shift: 3, Narrow klass range: 0x140000000

GC Precious Log:
 CardTable entry size: 512
 Card Set container configuration: InlinePtr #cards 5 size 8 Array Of Cards #cards 12 size 40 Howl #buckets 4 coarsen threshold 1843 Howl Bitmap #cards 512 size 80 coarsen threshold 460 Card regions per heap region 1 cards per card region 2048
 CPUs: 8 total, 8 available
 Memory: 8070M
 Large Page Support: Disabled
 NUMA Support: Disabled
 Compressed Oops: Enabled (32-bit)
 Heap Region Size: 1M
 Heap Min Capacity: 8M
 Heap Initial Capacity: 128M
 Heap Max Capacity: 2G
 Pre-touch: Disabled
 Parallel Workers: 8
 Concurrent Workers: 2
 Concurrent Refinement Workers: 8
 Periodic GC: Disabled

Heap:
 garbage-first heap   total 68608K, used 50931K [0x0000000080000000, 0x0000000100000000)
  region size 1024K, 34 young (34816K), 3 survivors (3072K)
 Metaspace       used 26846K, committed 27264K, reserved 1114112K
  class space    used 3417K, committed 3584K, reserved 1048576K

Heap Regions: E=young(eden), S=young(survivor), O=old, HS=humongous(starts), HC=humongous(continues), CS=collection set, F=free, TAMS=top-at-mark-start, PB=parsable bottom
|   0|0x0000000080000000, 0x0000000080100000, 0x0000000080100000|100%|HS|  |TAMS 0x0000000080000000| PB 0x0000000080000000| Complete 
|   1|0x0000000080100000, 0x0000000080200000, 0x0000000080200000|100%|HC|  |TAMS 0x0000000080100000| PB 0x0000000080100000| Complete 
|   2|0x0000000080200000, 0x0000000080300000, 0x0000000080300000|100%|HC|  |TAMS 0x0000000080200000| PB 0x0000000080200000| Complete 
|   3|0x0000000080300000, 0x0000000080400000, 0x0000000080400000|100%| O|  |TAMS 0x0000000080300000| PB 0x0000000080300000| Untracked 
|   4|0x0000000080400000, 0x0000000080500000, 0x0000000080500000|100%| O|  |TAMS 0x0000000080400000| PB 0x0000000080400000| Untracked 
|   5|0x0000000080500000, 0x0000000080600000, 0x0000000080600000|100%| O|  |TAMS 0x0000000080500000| PB 0x0000000080500000| Untracked 
|   6|0x0000000080600000, 0x0000000080700000, 0x0000000080700000|100%|HS|  |TAMS 0x0000000080600000| PB 0x0000000080600000| Complete 
|   7|0x0000000080700000, 0x0000000080800000, 0x0000000080800000|100%| O|  |TAMS 0x0000000080700000| PB 0x0000000080700000| Untracked 
|   8|0x0000000080800000, 0x0000000080900000, 0x0000000080900000|100%| O|  |TAMS 0x0000000080800000| PB 0x0000000080800000| Untracked 
|   9|0x0000000080900000, 0x0000000080a00000, 0x0000000080a00000|100%| O|  |TAMS 0x0000000080900000| PB 0x0000000080900000| Untracked 
|  10|0x0000000080a00000, 0x0000000080b00000, 0x0000000080b00000|100%| O|  |TAMS 0x0000000080a00000| PB 0x0000000080a00000| Untracked 
|  11|0x0000000080b00000, 0x0000000080c00000, 0x0000000080c00000|100%| O|  |TAMS 0x0000000080b00000| PB 0x0000000080b00000| Untracked 
|  12|0x0000000080c00000, 0x0000000080d00000, 0x0000000080d00000|100%| O|  |TAMS 0x0000000080c00000| PB 0x0000000080c00000| Untracked 
|  13|0x0000000080d00000, 0x0000000080e00000, 0x0000000080e00000|100%| O|  |TAMS 0x0000000080d00000| PB 0x0000000080d00000| Untracked 
|  14|0x0000000080e00000, 0x0000000080f00000, 0x0000000080f00000|100%| O|  |TAMS 0x0000000080e00000| PB 0x0000000080e00000| Untracked 
|  15|0x0000000080f00000, 0x0000000081000000, 0x0000000081000000|100%| O|  |TAMS 0x0000000080f00000| PB 0x0000000080f00000| Untracked 
|  16|0x0000000081000000, 0x00000000810bdab0, 0x0000000081100000| 74%| O|Cm|TAMS 0x0000000081000000| PB 0x0000000081000000| Complete 
|  17|0x0000000081100000, 0x0000000081100000, 0x0000000081200000|  0%| F|  |TAMS 0x0000000081100000| PB 0x0000000081100000| Untracked 
|  18|0x0000000081200000, 0x0000000081200000, 0x0000000081300000|  0%| F|  |TAMS 0x0000000081200000| PB 0x0000000081200000| Untracked 
|  19|0x0000000081300000, 0x0000000081300000, 0x0000000081400000|  0%| F|  |TAMS 0x0000000081300000| PB 0x0000000081300000| Untracked 
|  20|0x0000000081400000, 0x0000000081400000, 0x0000000081500000|  0%| F|  |TAMS 0x0000000081400000| PB 0x0000000081400000| Untracked 
|  21|0x0000000081500000, 0x0000000081500000, 0x0000000081600000|  0%| F|  |TAMS 0x0000000081500000| PB 0x0000000081500000| Untracked 
|  22|0x0000000081600000, 0x0000000081600000, 0x0000000081700000|  0%| F|  |TAMS 0x0000000081600000| PB 0x0000000081600000| Untracked 
|  23|0x0000000081700000, 0x0000000081700000, 0x0000000081800000|  0%| F|  |TAMS 0x0000000081700000| PB 0x0000000081700000| Untracked 
|  24|0x0000000081800000, 0x0000000081800000, 0x0000000081900000|  0%| F|  |TAMS 0x0000000081800000| PB 0x0000000081800000| Untracked 
|  25|0x0000000081900000, 0x0000000081900000, 0x0000000081a00000|  0%| F|  |TAMS 0x0000000081900000| PB 0x0000000081900000| Untracked 
|  26|0x0000000081a00000, 0x0000000081a00000, 0x0000000081b00000|  0%| F|  |TAMS 0x0000000081a00000| PB 0x0000000081a00000| Untracked 
|  27|0x0000000081b00000, 0x0000000081b00000, 0x0000000081c00000|  0%| F|  |TAMS 0x0000000081b00000| PB 0x0000000081b00000| Untracked 
|  28|0x0000000081c00000, 0x0000000081c00000, 0x0000000081d00000|  0%| F|  |TAMS 0x0000000081c00000| PB 0x0000000081c00000| Untracked 
|  29|0x0000000081d00000, 0x0000000081d00000, 0x0000000081e00000|  0%| F|  |TAMS 0x0000000081d00000| PB 0x0000000081d00000| Untracked 
|  30|0x0000000081e00000, 0x0000000081e00000, 0x0000000081f00000|  0%| F|  |TAMS 0x0000000081e00000| PB 0x0000000081e00000| Untracked 
|  31|0x0000000081f00000, 0x0000000081f00000, 0x0000000082000000|  0%| F|  |TAMS 0x0000000081f00000| PB 0x0000000081f00000| Untracked 
|  32|0x0000000082000000, 0x0000000082000000, 0x0000000082100000|  0%| F|  |TAMS 0x0000000082000000| PB 0x0000000082000000| Untracked 
|  33|0x0000000082100000, 0x00000000821baf70, 0x0000000082200000| 73%| E|  |TAMS 0x0000000082100000| PB 0x0000000082100000| Complete 
|  34|0x0000000082200000, 0x0000000082300000, 0x0000000082300000|100%| E|CS|TAMS 0x0000000082200000| PB 0x0000000082200000| Complete 
|  35|0x0000000082300000, 0x0000000082400000, 0x0000000082400000|100%| E|CS|TAMS 0x0000000082300000| PB 0x0000000082300000| Complete 
|  36|0x0000000082400000, 0x0000000082500000, 0x0000000082500000|100%| E|CS|TAMS 0x0000000082400000| PB 0x0000000082400000| Complete 
|  37|0x0000000082500000, 0x0000000082600000, 0x0000000082600000|100%| E|CS|TAMS 0x0000000082500000| PB 0x0000000082500000| Complete 
|  38|0x0000000082600000, 0x0000000082700000, 0x0000000082700000|100%| E|CS|TAMS 0x0000000082600000| PB 0x0000000082600000| Complete 
|  39|0x0000000082700000, 0x0000000082800000, 0x0000000082800000|100%| E|CS|TAMS 0x0000000082700000| PB 0x0000000082700000| Complete 
|  40|0x0000000082800000, 0x0000000082900000, 0x0000000082900000|100%| E|CS|TAMS 0x0000000082800000| PB 0x0000000082800000| Complete 
|  41|0x0000000082900000, 0x0000000082a00000, 0x0000000082a00000|100%| E|CS|TAMS 0x0000000082900000| PB 0x0000000082900000| Complete 
|  42|0x0000000082a00000, 0x0000000082b00000, 0x0000000082b00000|100%| E|CS|TAMS 0x0000000082a00000| PB 0x0000000082a00000| Complete 
|  43|0x0000000082b00000, 0x0000000082c00000, 0x0000000082c00000|100%| E|CS|TAMS 0x0000000082b00000| PB 0x0000000082b00000| Complete 
|  44|0x0000000082c00000, 0x0000000082d00000, 0x0000000082d00000|100%| E|CS|TAMS 0x0000000082c00000| PB 0x0000000082c00000| Complete 
|  45|0x0000000082d00000, 0x0000000082e00000, 0x0000000082e00000|100%| E|CS|TAMS 0x0000000082d00000| PB 0x0000000082d00000| Complete 
|  46|0x0000000082e00000, 0x0000000082f00000, 0x0000000082f00000|100%| E|CS|TAMS 0x0000000082e00000| PB 0x0000000082e00000| Complete 
|  47|0x0000000082f00000, 0x0000000083000000, 0x0000000083000000|100%| E|CS|TAMS 0x0000000082f00000| PB 0x0000000082f00000| Complete 
|  48|0x0000000083000000, 0x0000000083100000, 0x0000000083100000|100%| E|CS|TAMS 0x0000000083000000| PB 0x0000000083000000| Complete 
|  49|0x0000000083100000, 0x0000000083200000, 0x0000000083200000|100%| E|CS|TAMS 0x0000000083100000| PB 0x0000000083100000| Complete 
|  50|0x0000000083200000, 0x0000000083300000, 0x0000000083300000|100%| E|CS|TAMS 0x0000000083200000| PB 0x0000000083200000| Complete 
|  51|0x0000000083300000, 0x0000000083400000, 0x0000000083400000|100%| E|CS|TAMS 0x0000000083300000| PB 0x0000000083300000| Complete 
|  52|0x0000000083400000, 0x0000000083500000, 0x0000000083500000|100%| E|CS|TAMS 0x0000000083400000| PB 0x0000000083400000| Complete 
|  53|0x0000000083500000, 0x0000000083600000, 0x0000000083600000|100%| E|CS|TAMS 0x0000000083500000| PB 0x0000000083500000| Complete 
|  54|0x0000000083600000, 0x0000000083700000, 0x0000000083700000|100%| E|CS|TAMS 0x0000000083600000| PB 0x0000000083600000| Complete 
|  55|0x0000000083700000, 0x0000000083800000, 0x0000000083800000|100%| E|CS|TAMS 0x0000000083700000| PB 0x0000000083700000| Complete 
|  56|0x0000000083800000, 0x0000000083900000, 0x0000000083900000|100%| E|CS|TAMS 0x0000000083800000| PB 0x0000000083800000| Complete 
|  57|0x0000000083900000, 0x0000000083a00000, 0x0000000083a00000|100%| E|CS|TAMS 0x0000000083900000| PB 0x0000000083900000| Complete 
|  58|0x0000000083a00000, 0x0000000083b00000, 0x0000000083b00000|100%| E|CS|TAMS 0x0000000083a00000| PB 0x0000000083a00000| Complete 
|  59|0x0000000083b00000, 0x0000000083c00000, 0x0000000083c00000|100%| E|CS|TAMS 0x0000000083b00000| PB 0x0000000083b00000| Complete 
|  60|0x0000000083c00000, 0x0000000083d00000, 0x0000000083d00000|100%| E|CS|TAMS 0x0000000083c00000| PB 0x0000000083c00000| Complete 
|  61|0x0000000083d00000, 0x0000000083e00000, 0x0000000083e00000|100%| E|CS|TAMS 0x0000000083d00000| PB 0x0000000083d00000| Complete 
| 101|0x0000000086500000, 0x00000000865ff430, 0x0000000086600000| 99%| S|CS|TAMS 0x0000000086500000| PB 0x0000000086500000| Complete 
| 102|0x0000000086600000, 0x0000000086700000, 0x0000000086700000|100%| S|CS|TAMS 0x0000000086600000| PB 0x0000000086600000| Complete 
| 103|0x0000000086700000, 0x0000000086800000, 0x0000000086800000|100%| S|CS|TAMS 0x0000000086700000| PB 0x0000000086700000| Complete 
| 126|0x0000000087e00000, 0x0000000087f00000, 0x0000000087f00000|100%| E|CS|TAMS 0x0000000087e00000| PB 0x0000000087e00000| Complete 
| 127|0x0000000087f00000, 0x0000000088000000, 0x0000000088000000|100%| E|CS|TAMS 0x0000000087f00000| PB 0x0000000087f00000| Complete 

Card table byte_map: [0x00000246f01e0000,0x00000246f05e0000] _byte_map_base: 0x00000246efde0000

Marking Bits: (CMBitMap*) 0x00000246dd9c2690
 Bits: [0x00000246f05e0000, 0x00000246f25e0000)

Polling page: 0x00000246dba40000

Metaspace:

Usage:
  Non-class:     22.91 MB used.
      Class:      3.34 MB used.
       Both:     26.25 MB used.

Virtual space:
  Non-class space:       64.00 MB reserved,      23.12 MB ( 36%) committed,  1 nodes.
      Class space:        1.00 GB reserved,       3.56 MB ( <1%) committed,  1 nodes.
             Both:        1.06 GB reserved,      26.69 MB (  2%) committed. 

Chunk freelists:
   Non-Class:  8.36 MB
       Class:  12.48 MB
        Both:  20.84 MB

MaxMetaspaceSize: unlimited
CompressedClassSpaceSize: 1.00 GB
Initial GC threshold: 21.00 MB
Current GC threshold: 35.25 MB
CDS: off
 - commit_granule_bytes: 65536.
 - commit_granule_words: 8192.
 - virtual_space_node_default_size: 8388608.
 - enlarge_chunks_in_place: 1.
 - use_allocation_guard: 0.


Internal statistics:

num_allocs_failed_limit: 3.
num_arena_births: 568.
num_arena_deaths: 0.
num_vsnodes_births: 2.
num_vsnodes_deaths: 0.
num_space_committed: 428.
num_space_uncommitted: 0.
num_chunks_returned_to_freelist: 3.
num_chunks_taken_from_freelist: 1205.
num_chunk_merges: 0.
num_chunk_splits: 776.
num_chunks_enlarged: 532.
num_inconsistent_stats: 0.

CodeHeap 'non-profiled nmethods': size=120000Kb used=1334Kb max_used=1334Kb free=118665Kb
 bounds [0x00000246e8580000, 0x00000246e87f0000, 0x00000246efab0000]
CodeHeap 'profiled nmethods': size=120000Kb used=5603Kb max_used=5603Kb free=114397Kb
 bounds [0x00000246e0ab0000, 0x00000246e1030000, 0x00000246e7fe0000]
CodeHeap 'non-nmethods': size=5760Kb used=1431Kb max_used=1464Kb free=4328Kb
 bounds [0x00000246e7fe0000, 0x00000246e8250000, 0x00000246e8580000]
CodeCache: size=245760Kb, used=8368Kb, max_used=8401Kb, free=237390Kb
 total_blobs=3345, nmethods=2805, adapters=444, full_count=0
Compilation: enabled, stopped_count=0, restarted_count=0

Compilation events (20 events):
Event: 7.419 Thread 0x00000246f5267c90 nmethod 2787 0x00000246e101eb90 code [0x00000246e101ed20, 0x00000246e101ee48]
Event: 7.419 Thread 0x00000246f5267c90 2789       3       java.lang.invoke.InvokerBytecodeGenerator::addMethod (725 bytes)
Event: 7.424 Thread 0x00000246f5267c90 nmethod 2789 0x00000246e101ef10 code [0x00000246e101f480, 0x00000246e10217f0]
Event: 7.424 Thread 0x00000246f5267c90 2793       3       java.lang.invoke.LambdaForm::<init> (53 bytes)
Event: 7.424 Thread 0x00000246f5267c90 nmethod 2793 0x00000246e1022490 code [0x00000246e1022640, 0x00000246e1022910]
Event: 7.424 Thread 0x00000246f5267c90 2791       3       java.lang.invoke.LambdaFormEditor::filterArgumentForm (121 bytes)
Event: 7.425 Thread 0x00000246f5267c90 nmethod 2791 0x00000246e1022a10 code [0x00000246e1022c20, 0x00000246e1023018]
Event: 7.425 Thread 0x00000246f5267c90 2788       3       java.lang.invoke.InvokerBytecodeGenerator::classFilePrologue (64 bytes)
Event: 7.426 Thread 0x00000246f5267c90 nmethod 2788 0x00000246e1023290 code [0x00000246e10234e0, 0x00000246e1023c28]
Event: 7.426 Thread 0x00000246f5267c90 2790       3       java.lang.invoke.MethodHandles::classData (17 bytes)
Event: 7.426 Thread 0x00000246f5267c90 nmethod 2790 0x00000246e1023f10 code [0x00000246e1024100, 0x00000246e10244c0]
Event: 7.426 Thread 0x00000246f5267c90 2792       3       java.lang.invoke.LambdaForm$Name::<init> (19 bytes)
Event: 7.427 Thread 0x00000246f5267c90 nmethod 2792 0x00000246e1024690 code [0x00000246e10248c0, 0x00000246e1025100]
Event: 7.446 Thread 0x00000246f5267c90 2795       3       java.lang.invoke.MemberName::getFactory (4 bytes)
Event: 7.446 Thread 0x00000246f5267c90 nmethod 2795 0x00000246e1025490 code [0x00000246e1025620, 0x00000246e1025718]
Event: 7.450 Thread 0x00000246f5267c90 2798       2       java.util.concurrent.locks.ReentrantLock$Sync::tryRelease (51 bytes)
Event: 7.451 Thread 0x00000246f5267c90 nmethod 2798 0x00000246e1025790 code [0x00000246e1025940, 0x00000246e1025b58]
Event: 7.515 Thread 0x00000246f5267c90 2801       3       jdk.internal.misc.Unsafe::putReferenceOpaque (9 bytes)
Event: 7.515 Thread 0x00000246f5267c90 nmethod 2801 0x00000246e1025c90 code [0x00000246e1025e20, 0x00000246e1025f80]
Event: 7.611 Thread 0x00000246f5267c90 2803       3       java.util.concurrent.locks.LockSupport::setBlocker (12 bytes)

GC Heap History (8 events):
Event: 1.164 GC heap before
{Heap before GC invocations=0 (full 0):
 garbage-first heap   total 131072K, used 22528K [0x0000000080000000, 0x0000000100000000)
  region size 1024K, 23 young (23552K), 0 survivors (0K)
 Metaspace       used 8122K, committed 8256K, reserved 1114112K
  class space    used 749K, committed 832K, reserved 1048576K
}
Event: 1.170 GC heap after
{Heap after GC invocations=1 (full 0):
 garbage-first heap   total 131072K, used 2474K [0x0000000080000000, 0x0000000100000000)
  region size 1024K, 3 young (3072K), 3 survivors (3072K)
 Metaspace       used 8122K, committed 8256K, reserved 1114112K
  class space    used 749K, committed 832K, reserved 1048576K
}
Event: 2.819 GC heap before
{Heap before GC invocations=1 (full 0):
 garbage-first heap   total 131072K, used 40362K [0x0000000080000000, 0x0000000100000000)
  region size 1024K, 38 young (38912K), 3 survivors (3072K)
 Metaspace       used 12348K, committed 12544K, reserved 1114112K
  class space    used 1349K, committed 1408K, reserved 1048576K
}
Event: 2.830 GC heap after
{Heap after GC invocations=2 (full 0):
 garbage-first heap   total 131072K, used 10824K [0x0000000080000000, 0x0000000100000000)
  region size 1024K, 5 young (5120K), 5 survivors (5120K)
 Metaspace       used 12348K, committed 12544K, reserved 1114112K
  class space    used 1349K, committed 1408K, reserved 1048576K
}
Event: 4.505 GC heap before
{Heap before GC invocations=2 (full 0):
 garbage-first heap   total 131072K, used 61000K [0x0000000080000000, 0x0000000100000000)
  region size 1024K, 52 young (53248K), 5 survivors (5120K)
 Metaspace       used 14356K, committed 14592K, reserved 1114112K
  class space    used 1636K, committed 1728K, reserved 1048576K
}
Event: 4.520 GC heap after
{Heap after GC invocations=3 (full 0):
 garbage-first heap   total 131072K, used 17191K [0x0000000080000000, 0x0000000100000000)
  region size 1024K, 6 young (6144K), 6 survivors (6144K)
 Metaspace       used 14356K, committed 14592K, reserved 1114112K
  class space    used 1636K, committed 1728K, reserved 1048576K
}
Event: 6.103 GC heap before
{Heap before GC invocations=3 (full 0):
 garbage-first heap   total 131072K, used 40743K [0x0000000080000000, 0x0000000100000000)
  region size 1024K, 30 young (30720K), 6 survivors (6144K)
 Metaspace       used 21236K, committed 21504K, reserved 1114112K
  class space    used 2545K, committed 2688K, reserved 1048576K
}
Event: 6.112 GC heap after
{Heap after GC invocations=4 (full 0):
 garbage-first heap   total 131072K, used 20211K [0x0000000080000000, 0x0000000100000000)
  region size 1024K, 3 young (3072K), 3 survivors (3072K)
 Metaspace       used 21236K, committed 21504K, reserved 1114112K
  class space    used 2545K, committed 2688K, reserved 1048576K
}

Dll operation events (3 events):
Event: 0.021 Loaded shared library C:\Program Files\Android\Android Studio1\jbr\bin\java.dll
Event: 0.029 Loaded shared library C:\Program Files\Android\Android Studio1\jbr\bin\zip.dll
Event: 1.441 Loaded shared library C:\Program Files\Android\Android Studio1\jbr\bin\verify.dll

Deoptimization events (20 events):
Event: 6.431 Thread 0x00000246f56529e0 Uncommon trap: trap_request=0xffffff45 fr.pc=0x00000246e8614c10 relative=0x00000000000002d0
Event: 6.431 Thread 0x00000246f56529e0 Uncommon trap: reason=unstable_if action=reinterpret pc=0x00000246e8614c10 method=java.util.concurrent.ConcurrentHashMap.get(Ljava/lang/Object;)Ljava/lang/Object; @ 152 c2
Event: 6.431 Thread 0x00000246f56529e0 DEOPT PACKING pc=0x00000246e8614c10 sp=0x000000a203cfbc80
Event: 6.431 Thread 0x00000246f56529e0 DEOPT UNPACKING pc=0x00000246e80346a2 sp=0x000000a203cfbbe8 mode 2
Event: 7.183 Thread 0x00000246f56529e0 Uncommon trap: trap_request=0xffffff45 fr.pc=0x00000246e8685800 relative=0x00000000000000c0
Event: 7.183 Thread 0x00000246f56529e0 Uncommon trap: reason=unstable_if action=reinterpret pc=0x00000246e8685800 method=jdk.internal.misc.Unsafe.convEndian(ZI)I @ 4 c2
Event: 7.183 Thread 0x00000246f56529e0 DEOPT PACKING pc=0x00000246e8685800 sp=0x000000a203cfafb0
Event: 7.183 Thread 0x00000246f56529e0 DEOPT UNPACKING pc=0x00000246e80346a2 sp=0x000000a203cfae48 mode 2
Event: 7.259 Thread 0x00000246f56529e0 Uncommon trap: trap_request=0xffffff45 fr.pc=0x00000246e85a528c relative=0x0000000000000d8c
Event: 7.259 Thread 0x00000246f56529e0 Uncommon trap: reason=unstable_if action=reinterpret pc=0x00000246e85a528c method=java.io.WinNTFileSystem.resolve(Ljava/lang/String;Ljava/lang/String;)Ljava/lang/String; @ 19 c2
Event: 7.259 Thread 0x00000246f56529e0 DEOPT PACKING pc=0x00000246e85a528c sp=0x000000a203cfb3c0
Event: 7.259 Thread 0x00000246f56529e0 DEOPT UNPACKING pc=0x00000246e80346a2 sp=0x000000a203cfb358 mode 2
Event: 7.263 Thread 0x00000246f56529e0 Uncommon trap: trap_request=0xffffff45 fr.pc=0x00000246e861c20c relative=0x00000000000006ac
Event: 7.263 Thread 0x00000246f56529e0 Uncommon trap: reason=unstable_if action=reinterpret pc=0x00000246e861c20c method=java.io.File.getName()Ljava/lang/String; @ 16 c2
Event: 7.263 Thread 0x00000246f56529e0 DEOPT PACKING pc=0x00000246e861c20c sp=0x000000a203cfb380
Event: 7.263 Thread 0x00000246f56529e0 DEOPT UNPACKING pc=0x00000246e80346a2 sp=0x000000a203cfb350 mode 2
Event: 7.418 Thread 0x00000246f56529e0 Uncommon trap: trap_request=0xffffff45 fr.pc=0x00000246e85ac394 relative=0x00000000000000f4
Event: 7.418 Thread 0x00000246f56529e0 Uncommon trap: reason=unstable_if action=reinterpret pc=0x00000246e85ac394 method=java.util.HashMap.hash(Ljava/lang/Object;)I @ 1 c2
Event: 7.418 Thread 0x00000246f56529e0 DEOPT PACKING pc=0x00000246e85ac394 sp=0x000000a203cfc420
Event: 7.418 Thread 0x00000246f56529e0 DEOPT UNPACKING pc=0x00000246e80346a2 sp=0x000000a203cfc360 mode 2

Classes loaded (20 events):
Event: 7.178 Loading class sun/security/provider/MD5
Event: 7.178 Loading class sun/security/provider/MD5 done
Event: 7.179 Loading class sun/security/provider/SHA5$SHA512
Event: 7.179 Loading class sun/security/provider/SHA5
Event: 7.179 Loading class sun/security/provider/SHA5 done
Event: 7.179 Loading class sun/security/provider/SHA5$SHA512 done
Event: 7.183 Loading class sun/security/provider/ByteArrayAccess$LE
Event: 7.183 Loading class sun/security/provider/ByteArrayAccess$LE done
Event: 7.260 Loading class java/io/File$TempDirectory
Event: 7.261 Loading class java/io/File$TempDirectory done
Event: 7.280 Loading class java/io/PrintWriter
Event: 7.281 Loading class java/io/PrintWriter done
Event: 7.351 Loading class java/util/concurrent/Semaphore
Event: 7.351 Loading class java/util/concurrent/Semaphore done
Event: 7.356 Loading class java/nio/file/FileVisitOption
Event: 7.356 Loading class java/nio/file/FileVisitOption done
Event: 7.367 Loading class java/util/stream/ReduceOps$1
Event: 7.368 Loading class java/util/stream/ReduceOps$1 done
Event: 7.368 Loading class java/util/stream/ReduceOps$1ReducingSink
Event: 7.368 Loading class java/util/stream/ReduceOps$1ReducingSink done

Classes unloaded (0 events):
No events

Classes redefined (0 events):
No events

Internal exceptions (20 events):
Event: 5.090 Thread 0x00000246db6fff50 Exception <a 'java/lang/NoSuchMethodError'{0x0000000087720838}: 'java.lang.Object java.lang.invoke.DirectMethodHandle$Holder.invokeVirtual(java.lang.Object, java.lang.Object, java.lang.Object, java.lang.Object, java.lang.Object, java.lang.Object, java.lang.Object, java.lang.Object, java.lang.Object)'> (0x0000000087720838) 
thrown [s\src\hotspot\share\interpreter\linkResolver.cpp, line 784]
Event: 5.339 Thread 0x00000246db6fff50 Exception <a 'java/lang/NoSuchMethodError'{0x0000000087589208}: 'java.lang.Object java.lang.invoke.DirectMethodHandle$Holder.invokeStaticInit(java.lang.Object, java.lang.Object, int, int, int, int)'> (0x0000000087589208) 
thrown [s\src\hotspot\share\interpreter\linkResolver.cpp, line 784]
Event: 5.526 Thread 0x00000246db6fff50 Exception <a 'java/io/IOException'{0x000000008725fd88}> (0x000000008725fd88) 
thrown [s\src\hotspot\share\prims\jni.cpp, line 537]
Event: 5.543 Thread 0x00000246db6fff50 Implicit null exception at 0x00000246e85d1ca4 to 0x00000246e85d2344
Event: 5.552 Thread 0x00000246db6fff50 Exception <a 'java/lang/NoSuchMethodError'{0x00000000872d2740}: 'java.lang.Object java.lang.invoke.DirectMethodHandle$Holder.newInvokeSpecial(java.lang.Object, java.lang.Object, java.lang.Object, java.lang.Object, java.lang.Object)'> (0x00000000872d2740) 
thrown [s\src\hotspot\share\interpreter\linkResolver.cpp, line 784]
Event: 5.913 Thread 0x00000246f5558c50 Exception <a 'java/lang/NoSuchMethodError'{0x0000000086c0d450}: 'void java.lang.invoke.DirectMethodHandle$Holder.invokeSpecial(java.lang.Object, java.lang.Object, java.lang.Object)'> (0x0000000086c0d450) 
thrown [s\src\hotspot\share\interpreter\linkResolver.cpp, line 784]
Event: 6.113 Thread 0x00000246f56529e0 Exception <a 'java/lang/NoSuchMethodError'{0x0000000087ffbfe0}: 'long java.lang.invoke.DirectMethodHandle$Holder.invokeInterface(java.lang.Object, java.lang.Object)'> (0x0000000087ffbfe0) 
thrown [s\src\hotspot\share\interpreter\linkResolver.cpp, line 784]
Event: 6.345 Thread 0x00000246f56529e0 Exception <a 'java/lang/NoSuchMethodError'{0x0000000083aec218}: 'java.lang.Object java.lang.invoke.DirectMethodHandle$Holder.invokeVirtual(java.lang.Object, java.lang.Object, java.lang.Object, java.lang.Object, java.lang.Object, java.lang.Object, java.lang.Object, java.lang.Object, java.lang.Object, java.lang.Object, java.lang.Object, java.lang.Object)'> (0x0000000083aec218) 
thrown [s\src\hotspot\share\interpreter\linkResolver.cpp, line 784]
Event: 6.346 Thread 0x00000246f56529e0 Exception <a 'java/lang/NoSuchMethodError'{0x0000000083af1368}: 'java.lang.Object java.lang.invoke.DirectMethodHandle$Holder.invokeSpecial(java.lang.Object, java.lang.Object, java.lang.Object, java.lang.Object, java.lang.Object, java.lang.Object, java.lang.Object, java.lang.Object, java.lang.Object, java.lang.Object, java.lang.Object, java.lang.Object, java.lang.Object)'> (0x0000000083af1368) 
thrown [s\src\hotspot\share\interpreter\linkResolver.cpp, line 784]
Event: 6.563 Thread 0x00000246f56529e0 Exception <a 'java/lang/NoSuchMethodError'{0x0000000083543b08}: 'java.lang.Object java.lang.invoke.DirectMethodHandle$Holder.newInvokeSpecial(java.lang.Object, java.lang.Object, java.lang.Object, java.lang.Object, java.lang.Object, java.lang.Object)'> (0x0000000083543b08) 
thrown [s\src\hotspot\share\interpreter\linkResolver.cpp, line 784]
Event: 6.720 Thread 0x00000246f56529e0 Exception <a 'java/lang/NoSuchMethodError'{0x0000000083208e50}: 'void java.lang.invoke.DelegatingMethodHandle$Holder.reinvoke_L(java.lang.Object, java.lang.Object, java.lang.Object, java.lang.Object, java.lang.Object, java.lang.Object, java.lang.Object, java.lang.Object, java.lang.Object, java.lang.Object)'> (0x0000000083208e50) 
thrown [s\src\hotspot\share\interpreter\linkResolver.cpp, line 784]
Event: 6.722 Thread 0x00000246f56529e0 Exception <a 'java/lang/NoSuchMethodError'{0x0000000083210930}: 'java.lang.Object java.lang.invoke.Invokers$Holder.invoker(java.lang.Object, java.lang.Object, java.lang.Object, java.lang.Object, java.lang.Object, java.lang.Object, java.lang.Object, java.lang.Object, java.lang.Object, java.lang.Object)'> (0x0000000083210930) 
thrown [s\src\hotspot\share\interpreter\linkResolver.cpp, line 784]
Event: 7.019 Thread 0x00000246f56529e0 Exception <a 'java/lang/NoSuchMethodError'{0x0000000082c6fc80}: 'void java.lang.invoke.DirectMethodHandle$Holder.invokeInterface(java.lang.Object, java.lang.Object)'> (0x0000000082c6fc80) 
thrown [s\src\hotspot\share\interpreter\linkResolver.cpp, line 784]
Event: 7.019 Thread 0x00000246f56529e0 Exception <a 'java/lang/IncompatibleClassChangeError'{0x0000000082c73400}: Found class java.lang.Object, but interface was expected> (0x0000000082c73400) 
thrown [s\src\hotspot\share\interpreter\linkResolver.cpp, line 851]
Event: 7.070 Thread 0x00000246f56529e0 Exception <a 'java/lang/NoSuchMethodError'{0x0000000082b94828}: 'java.lang.Object java.lang.invoke.DirectMethodHandle$Holder.newInvokeSpecial(java.lang.Object, java.lang.Object, int)'> (0x0000000082b94828) 
thrown [s\src\hotspot\share\interpreter\linkResolver.cpp, line 784]
Event: 7.208 Thread 0x00000246f56529e0 Exception <a 'java/lang/NoSuchMethodError'{0x00000000828df0e0}: 'java.lang.Object java.lang.invoke.DirectMethodHandle$Holder.invokeVirtual(java.lang.Object, java.lang.Object, java.lang.Object, java.lang.Object, java.lang.Object, java.lang.Object, java.lang.Object, java.lang.Object)'> (0x00000000828df0e0) 
thrown [s\src\hotspot\share\interpreter\linkResolver.cpp, line 784]
Event: 7.247 Thread 0x00000246f56529e0 Exception <a 'java/lang/NoSuchMethodError'{0x0000000082782828}: 'java.lang.Object java.lang.invoke.DirectMethodHandle$Holder.invokeVirtual(java.lang.Object, java.lang.Object, java.lang.Object, java.lang.Object, java.lang.Object, java.lang.Object, java.lang.Object, java.lang.Object, java.lang.Object, java.lang.Object)'> (0x0000000082782828) 
thrown [s\src\hotspot\share\interpreter\linkResolver.cpp, line 784]
Event: 7.360 Thread 0x00000246f56529e0 Exception <a 'java/lang/NoSuchMethodError'{0x000000008256b050}: 'int java.lang.invoke.DirectMethodHandle$Holder.invokeSpecialIFC(java.lang.Object, java.lang.Object, java.lang.Object, java.lang.Object)'> (0x000000008256b050) 
thrown [s\src\hotspot\share\interpreter\linkResolver.cpp, line 784]
Event: 7.364 Thread 0x00000246f56529e0 Exception <a 'java/lang/IncompatibleClassChangeError'{0x00000000825785a8}: Found class java.lang.Object, but interface was expected> (0x00000000825785a8) 
thrown [s\src\hotspot\share\interpreter\linkResolver.cpp, line 851]
Event: 7.418 Thread 0x00000246f56529e0 Implicit null exception at 0x00000246e85ac2e6 to 0x00000246e85ac38a

ZGC Phase Switch (0 events):
No events

VM Operations (20 events):
Event: 5.059 Executing VM operation: HandshakeAllThreads (Deoptimize)
Event: 5.059 Executing VM operation: HandshakeAllThreads (Deoptimize) done
Event: 5.151 Executing VM operation: HandshakeAllThreads (Deoptimize)
Event: 5.152 Executing VM operation: HandshakeAllThreads (Deoptimize) done
Event: 5.290 Executing VM operation: HandshakeAllThreads (Deoptimize)
Event: 5.290 Executing VM operation: HandshakeAllThreads (Deoptimize) done
Event: 5.672 Executing VM operation: HandshakeAllThreads (Deoptimize)
Event: 5.672 Executing VM operation: HandshakeAllThreads (Deoptimize) done
Event: 5.672 Executing VM operation: Cleanup
Event: 5.672 Executing VM operation: Cleanup done
Event: 6.103 Executing VM operation: CollectForMetadataAllocation (Metadata GC Threshold)
Event: 6.112 Executing VM operation: CollectForMetadataAllocation (Metadata GC Threshold) done
Event: 6.126 Executing VM operation: G1PauseRemark
Event: 6.129 Executing VM operation: G1PauseRemark done
Event: 6.135 Executing VM operation: G1PauseCleanup
Event: 6.144 Executing VM operation: G1PauseCleanup done
Event: 7.067 Executing VM operation: HandshakeAllThreads (Deoptimize)
Event: 7.067 Executing VM operation: HandshakeAllThreads (Deoptimize) done
Event: 8.081 Executing VM operation: Cleanup
Event: 8.081 Executing VM operation: Cleanup done

Memory protections (0 events):
No events

Nmethod flushes (0 events):
No events

Events (20 events):
Event: 4.657 Loaded shared library C:\Program Files\Android\Android Studio1\jbr\bin\management.dll
Event: 4.662 Loaded shared library C:\Program Files\Android\Android Studio1\jbr\bin\management_ext.dll
Event: 4.737 Thread 0x00000246db6fff50 Thread added: 0x00000246f555b3b0
Event: 5.025 Loaded shared library C:\Program Files\Android\Android Studio1\jbr\bin\extnet.dll
Event: 5.158 Thread 0x00000246faf01340 Thread exited: 0x00000246faf01340
Event: 5.384 Thread 0x00000246db6fff50 Thread added: 0x00000246f5559970
Event: 5.561 Thread 0x00000246db6fff50 Thread added: 0x00000246f55585c0
Event: 5.762 Thread 0x00000246f5559970 Thread added: 0x00000246f5558c50
Event: 5.775 Thread 0x00000246f5558c50 Thread added: 0x00000246f555a000
Event: 5.892 Thread 0x00000246f5558c50 Thread added: 0x00000246f55592e0
Event: 5.918 Thread 0x00000246f5558c50 Thread added: 0x00000246f56529e0
Event: 5.959 Thread 0x00000246f56529e0 Thread added: 0x00000246f5653070
Event: 5.963 Thread 0x00000246f56529e0 Thread added: 0x00000246f5653d90
Event: 5.972 Thread 0x00000246f56529e0 Thread added: 0x00000246f5652350
Event: 6.587 Thread 0x00000246f5267c90 Thread added: 0x00000246f57208a0
Event: 6.945 Thread 0x00000246f57208a0 Thread exited: 0x00000246f57208a0
Event: 7.068 Thread 0x00000246f56529e0 Thread added: 0x00000246f5654ab0
Event: 7.091 Thread 0x00000246f56529e0 Thread added: 0x00000246f5654420
Event: 7.128 Thread 0x00000246f5267c90 Thread added: 0x00000246fb6c5d40
Event: 7.157 Thread 0x00000246f56529e0 Thread added: 0x00000246f5655140


Dynamic libraries:
0x00007ff7b6130000 - 0x00007ff7b613a000 	C:\Program Files\Android\Android Studio1\jbr\bin\java.exe
0x00007ff93a860000 - 0x00007ff93aac7000 	C:\WINDOWS\SYSTEM32\ntdll.dll
0x00007ff939a70000 - 0x00007ff939b39000 	C:\WINDOWS\System32\KERNEL32.DLL
0x00007ff937a90000 - 0x00007ff937e7f000 	C:\WINDOWS\System32\KERNELBASE.dll
0x00007ff937e90000 - 0x00007ff937fdb000 	C:\WINDOWS\System32\ucrtbase.dll
0x00007ff925d20000 - 0x00007ff925d3b000 	C:\Program Files\Android\Android Studio1\jbr\bin\VCRUNTIME140.dll
0x00007ff92f420000 - 0x00007ff92f438000 	C:\Program Files\Android\Android Studio1\jbr\bin\jli.dll
0x00007ff939230000 - 0x00007ff9393f5000 	C:\WINDOWS\System32\USER32.dll
0x00007ff91e3d0000 - 0x00007ff91e663000 	C:\WINDOWS\WinSxS\amd64_microsoft.windows.common-controls_6595b64144ccf1df_6.0.26100.7309_none_3e05feeae336a044\COMCTL32.dll
0x00007ff937a60000 - 0x00007ff937a87000 	C:\WINDOWS\System32\win32u.dll
0x00007ff9395e0000 - 0x00007ff939689000 	C:\WINDOWS\System32\msvcrt.dll
0x00007ff938760000 - 0x00007ff93878b000 	C:\WINDOWS\System32\GDI32.dll
0x00007ff9384d0000 - 0x00007ff9385fc000 	C:\WINDOWS\System32\gdi32full.dll
0x00007ff9379b0000 - 0x00007ff937a53000 	C:\WINDOWS\System32\msvcp_win.dll
0x00007ff93a570000 - 0x00007ff93a5a1000 	C:\WINDOWS\System32\IMM32.DLL
0x00007ff92f410000 - 0x00007ff92f41c000 	C:\Program Files\Android\Android Studio1\jbr\bin\vcruntime140_1.dll
0x00007ff9251f0000 - 0x00007ff92527d000 	C:\Program Files\Android\Android Studio1\jbr\bin\msvcp140.dll
0x00007ff8ba6a0000 - 0x00007ff8bb336000 	C:\Program Files\Android\Android Studio1\jbr\bin\server\jvm.dll
0x00007ff939400000 - 0x00007ff9394b4000 	C:\WINDOWS\System32\ADVAPI32.dll
0x00007ff9394c0000 - 0x00007ff939566000 	C:\WINDOWS\System32\sechost.dll
0x00007ff93a5b0000 - 0x00007ff93a6c8000 	C:\WINDOWS\System32\RPCRT4.dll
0x00007ff9391b0000 - 0x00007ff939224000 	C:\WINDOWS\System32\WS2_32.dll
0x00007ff937810000 - 0x00007ff93786e000 	C:\WINDOWS\SYSTEM32\POWRPROF.dll
0x00007ff9262f0000 - 0x00007ff926325000 	C:\WINDOWS\SYSTEM32\WINMM.dll
0x00007ff930130000 - 0x00007ff93013b000 	C:\WINDOWS\SYSTEM32\VERSION.dll
0x00007ff9377f0000 - 0x00007ff937804000 	C:\WINDOWS\SYSTEM32\UMPDC.dll
0x00007ff936760000 - 0x00007ff93677b000 	C:\WINDOWS\SYSTEM32\kernel.appcore.dll
0x00007ff925d10000 - 0x00007ff925d1a000 	C:\Program Files\Android\Android Studio1\jbr\bin\jimage.dll
0x00007ff9352c0000 - 0x00007ff935502000 	C:\WINDOWS\SYSTEM32\DBGHELP.DLL
0x00007ff939690000 - 0x00007ff939a15000 	C:\WINDOWS\System32\combase.dll
0x00007ff938600000 - 0x00007ff9386d6000 	C:\WINDOWS\System32\OLEAUT32.dll
0x00007ff91df90000 - 0x00007ff91dfcc000 	C:\WINDOWS\SYSTEM32\dbgcore.DLL
0x00007ff937fe0000 - 0x00007ff938085000 	C:\WINDOWS\System32\bcryptPrimitives.dll
0x00007ff925160000 - 0x00007ff92516e000 	C:\Program Files\Android\Android Studio1\jbr\bin\instrument.dll
0x00007ff925cc0000 - 0x00007ff925ce0000 	C:\Program Files\Android\Android Studio1\jbr\bin\java.dll
0x00007ff925ca0000 - 0x00007ff925cb8000 	C:\Program Files\Android\Android Studio1\jbr\bin\zip.dll
0x00007ff938790000 - 0x00007ff938ee3000 	C:\WINDOWS\System32\SHELL32.dll
0x00007ff938150000 - 0x00007ff9382ba000 	C:\WINDOWS\System32\wintypes.dll
0x00007ff9355f0000 - 0x00007ff935e4e000 	C:\WINDOWS\SYSTEM32\windows.storage.dll
0x00007ff93a3f0000 - 0x00007ff93a4e5000 	C:\WINDOWS\System32\SHCORE.dll
0x00007ff93a7a0000 - 0x00007ff93a806000 	C:\WINDOWS\System32\shlwapi.dll
0x00007ff9378d0000 - 0x00007ff9378f9000 	C:\WINDOWS\SYSTEM32\profapi.dll
0x00007ff925d00000 - 0x00007ff925d10000 	C:\Program Files\Android\Android Studio1\jbr\bin\net.dll
0x00007ff92f020000 - 0x00007ff92f148000 	C:\WINDOWS\SYSTEM32\WINHTTP.dll
0x00007ff936cd0000 - 0x00007ff936d3b000 	C:\WINDOWS\system32\mswsock.dll
0x00007ff9251d0000 - 0x00007ff9251e6000 	C:\Program Files\Android\Android Studio1\jbr\bin\nio.dll
0x00007ff925c90000 - 0x00007ff925ca0000 	C:\Program Files\Android\Android Studio1\jbr\bin\verify.dll
0x00007ff925180000 - 0x00007ff9251a7000 	C:\Users\ADMIN\.gradle\native\1def1411415f61bf3af743bc5b6707747c0891f09f0c88961ee8f79bc544acac\windows-amd64\native-platform.dll
0x00007ff91bae0000 - 0x00007ff91bb58000 	C:\Users\ADMIN\.gradle\native\0.2.7\x86_64-windows-gnu\gradle-fileevents.dll
0x00007ff9251c0000 - 0x00007ff9251c9000 	C:\Program Files\Android\Android Studio1\jbr\bin\management.dll
0x00007ff9251b0000 - 0x00007ff9251bb000 	C:\Program Files\Android\Android Studio1\jbr\bin\management_ext.dll
0x00007ff9395d0000 - 0x00007ff9395d8000 	C:\WINDOWS\System32\PSAPI.DLL
0x00007ff936170000 - 0x00007ff9361a4000 	C:\WINDOWS\SYSTEM32\IPHLPAPI.DLL
0x00007ff93a6d0000 - 0x00007ff93a6da000 	C:\WINDOWS\System32\NSI.dll
0x00007ff925170000 - 0x00007ff925179000 	C:\Program Files\Android\Android Studio1\jbr\bin\extnet.dll
0x00007ff936f90000 - 0x00007ff936fab000 	C:\WINDOWS\SYSTEM32\CRYPTSP.dll
0x00007ff9366c0000 - 0x00007ff9366fa000 	C:\WINDOWS\system32\rsaenh.dll
0x00007ff936d80000 - 0x00007ff936dab000 	C:\WINDOWS\SYSTEM32\USERENV.dll
0x00007ff9378a0000 - 0x00007ff9378ca000 	C:\WINDOWS\SYSTEM32\bcrypt.dll
0x00007ff936fb0000 - 0x00007ff936fbc000 	C:\WINDOWS\SYSTEM32\CRYPTBASE.dll
0x00007ff91e7b0000 - 0x00007ff91e7b8000 	C:\WINDOWS\system32\wshunix.dll

JVMTI agents:
C:\Users\ADMIN\.gradle\wrapper\dists\gradle-8.13-bin\5xuhj0ry160q40clulazy9h7d\gradle-8.13\lib\agents\gradle-instrumentation-agent-8.13.jar path:C:\Program Files\Android\Android Studio1\jbr\bin\instrument.dll, loaded, initialized, instrumentlib options:none

dbghelp: loaded successfully - version: 4.0.5 - missing functions: none
symbol engine: initialized successfully - sym options: 0x614 - pdb path: .;C:\Program Files\Android\Android Studio1\jbr\bin;C:\WINDOWS\SYSTEM32;C:\WINDOWS\WinSxS\amd64_microsoft.windows.common-controls_6595b64144ccf1df_6.0.26100.7309_none_3e05feeae336a044;C:\Program Files\Android\Android Studio1\jbr\bin\server;C:\Users\ADMIN\.gradle\native\1def1411415f61bf3af743bc5b6707747c0891f09f0c88961ee8f79bc544acac\windows-amd64;C:\Users\ADMIN\.gradle\native\0.2.7\x86_64-windows-gnu

VM Arguments:
jvm_args: --add-opens=java.base/java.lang=ALL-UNNAMED --add-opens=java.base/java.lang.invoke=ALL-UNNAMED --add-opens=java.base/java.util=ALL-UNNAMED --add-opens=java.prefs/java.util.prefs=ALL-UNNAMED --add-exports=jdk.compiler/com.sun.tools.javac.api=ALL-UNNAMED --add-exports=jdk.compiler/com.sun.tools.javac.util=ALL-UNNAMED --add-opens=java.base/java.util=ALL-UNNAMED --add-opens=java.prefs/java.util.prefs=ALL-UNNAMED --add-opens=java.base/java.nio.charset=ALL-UNNAMED --add-opens=java.base/java.net=ALL-UNNAMED --add-opens=java.base/java.util.concurrent.atomic=ALL-UNNAMED --add-opens=java.xml/javax.xml.namespace=ALL-UNNAMED -Xmx2048m -Dfile.encoding=UTF-8 -Duser.country=IN -Duser.language=en -Duser.variant -javaagent:C:\Users\ADMIN\.gradle\wrapper\dists\gradle-8.13-bin\5xuhj0ry160q40clulazy9h7d\gradle-8.13\lib\agents\gradle-instrumentation-agent-8.13.jar 
java_command: org.gradle.launcher.daemon.bootstrap.GradleDaemon 8.13
java_class_path (initial): C:\Users\ADMIN\.gradle\wrapper\dists\gradle-8.13-bin\5xuhj0ry160q40clulazy9h7d\gradle-8.13\lib\gradle-daemon-main-8.13.jar
Launcher Type: SUN_STANDARD

[Global flags]
     intx CICompilerCount                          = 4                                         {product} {ergonomic}
     uint ConcGCThreads                            = 2                                         {product} {ergonomic}
     uint G1ConcRefinementThreads                  = 8                                         {product} {ergonomic}
   size_t G1HeapRegionSize                         = 1048576                                   {product} {ergonomic}
    uintx GCDrainStackTargetSize                   = 64                                        {product} {ergonomic}
   size_t InitialHeapSize                          = 134217728                                 {product} {ergonomic}
   size_t MarkStackSize                            = 4194304                                   {product} {ergonomic}
   size_t MaxHeapSize                              = 2147483648                                {product} {command line}
   size_t MaxNewSize                               = 1287651328                                {product} {ergonomic}
   size_t MinHeapDeltaBytes                        = 1048576                                   {product} {ergonomic}
   size_t MinHeapSize                              = 8388608                                   {product} {ergonomic}
    uintx NonNMethodCodeHeapSize                   = 5839372                                {pd product} {ergonomic}
    uintx NonProfiledCodeHeapSize                  = 122909434                              {pd product} {ergonomic}
    uintx ProfiledCodeHeapSize                     = 122909434                              {pd product} {ergonomic}
    uintx ReservedCodeCacheSize                    = 251658240                              {pd product} {ergonomic}
     bool SegmentedCodeCache                       = true                                      {product} {ergonomic}
   size_t SoftMaxHeapSize                          = 2147483648                             {manageable} {ergonomic}
     bool UseCompressedOops                        = true                           {product lp64_product} {ergonomic}
     bool UseG1GC                                  = true                                      {product} {ergonomic}
     bool UseLargePagesIndividualAllocation        = false                                  {pd product} {ergonomic}

Logging:
Log output configuration:
 #0: stdout all=warning uptime,level,tags foldmultilines=false
 #1: stderr all=off uptime,level,tags foldmultilines=false

Environment Variables:
JAVA_HOME=C:\Program Files\Android\Android Studio1\jbr
PATH=C:\Users\ADMIN\bin;C:\Program Files\Git\mingw64\bin;C:\Program Files\Git\usr\local\bin;C:\Program Files\Git\usr\bin;C:\Program Files\Git\usr\bin;C:\Program Files\Git\mingw64\bin;C:\Program Files\Git\usr\bin;C:\Users\ADMIN\bin;C:\Windows\system32;C:\Windows;C:\Windows\System32\Wbem;C:\Windows\System32\WindowsPowerShell\v1.0;C:\Windows\System32\OpenSSH;C:\Program Files (x86)\NVIDIA Corporation\PhysX\Common;C:\Program Files\Git\cmd;C:\WINDOWS\system32;C:\WINDOWS;C:\WINDOWS\System32\Wbem;C:\WINDOWS\System32\WindowsPowerShell\v1.0;C:\WINDOWS\System32\OpenSSH;C:\Program Files\nodejs;C:\Program Files\GitHub CLI;C:\Users\ADMIN\.cargo\bin;C:\Users\ADMIN\AppData\Local\Programs\Python\Launcher;C:\Users\ADMIN\AppData\Local\Microsoft\WindowsApps;C:\Users\ADMIN\AppData\Local\Programs\Microsoft VS Code\bin;C:\Users\ADMIN\AppData\Local\Programs\Antigravity\bin;C:\Users\ADMIN\AppData\Roaming\npm;C:\Program Files\nodejs;C:\Users\ADMIN\AppData\Local\Python\pythoncore-3.14-64\Scripts;C:\Users\ADMIN\.local\bin;C:\Users\ADMIN\.cargo\bin;C:\Program Files\Git\usr\bin\vendor_perl;C:\Program Files\Git\usr\bin\core_perl
USERNAME=ADMIN
SHELL=C:\Program Files\Git\usr\bin\bash.exe
DISPLAY=needs-to-be-defined
LC_CTYPE=en_US.UTF-8
TERM=xterm
TMPDIR=C:\Users\ADMIN\AppData\Local\Temp
OS=Windows_NT
PROCESSOR_IDENTIFIER=Intel64 Family 6 Model 142 Stepping 10, GenuineIntel
TMP=C:\Users\ADMIN\AppData\Local\Temp
TEMP=C:\Users\ADMIN\AppData\Local\Temp




Periodic native trim disabled

JNI global refs:
JNI global refs: 23, weak refs: 0

JNI global refs memory usage: 835, weak refs: 833

Process memory usage:
Resident Set Size: 174372K (2% of 8263700K total physical memory with 460800K free physical memory)

OOME stack traces (most recent first):
Classloader memory used:
Loader bootstrap                                                                       : 16095K
Loader org.gradle.internal.classloader.VisitableURLClassLoader                         : 9806K
Loader org.gradle.initialization.MixInLegacyTypesClassLoader                           : 717K
Loader jdk.internal.loader.ClassLoaders$AppClassLoader                                 : 236K
Loader jdk.internal.loader.ClassLoaders$PlatformClassLoader                            : 136K

Classes loaded by more than one classloader:
Class org.gradle.internal.classloader.FilteringClassLoader                            : loaded 2 times (x 105B)
Class org.gradle.internal.classloader.ClassLoaderHierarchy                            : loaded 2 times (x 70B)
Class org.gradle.api.internal.classpath.ManifestUtil                                  : loaded 2 times (x 71B)
Class org.gradle.internal.classloader.DefaultClassLoaderFactory                       : loaded 2 times (x 82B)
Class org.gradle.internal.classloader.ClassLoaderVisitor                              : loaded 2 times (x 76B)
Class org.gradle.api.internal.classpath.EffectiveClassPath                            : loaded 2 times (x 90B)
Class org.gradle.api.internal.DefaultClassPathProvider                                : loaded 2 times (x 76B)
Class [Lorg.gradle.api.internal.ClassPathProvider;                                    : loaded 2 times (x 69B)
Class org.gradle.api.internal.ClassPathProvider                                       : loaded 2 times (x 70B)
Class org.gradle.internal.service.UnknownServiceException                             : loaded 2 times (x 83B)
Class org.gradle.internal.classpath.TransformedClassPath                              : loaded 2 times (x 96B)
Class org.gradle.internal.classloader.InstrumentingClassLoader                        : loaded 2 times (x 70B)
Class org.gradle.internal.service.ServiceLocator                                      : loaded 2 times (x 70B)
Class org.gradle.internal.InternalTransformer                                         : loaded 2 times (x 70B)
Class org.gradle.internal.classloader.ClasspathUtil$1                                 : loaded 2 times (x 76B)
Class org.gradle.api.internal.classpath.DefaultModuleRegistry$DefaultModule           : loaded 2 times (x 86B)
Class org.gradle.api.internal.classpath.Module                                        : loaded 2 times (x 70B)
Class org.gradle.api.internal.classpath.UnknownModuleException                        : loaded 2 times (x 82B)
Class org.gradle.api.internal.DefaultClassPathRegistry                                : loaded 2 times (x 76B)
Class org.gradle.api.internal.ClassPathRegistry                                       : loaded 2 times (x 70B)
Class org.gradle.internal.classpath.DefaultClassPath$ImmutableUniqueList              : loaded 2 times (x 199B)
Class org.gradle.internal.classpath.ClassPath                                         : loaded 2 times (x 70B)
Class org.gradle.api.UncheckedIOException                                             : loaded 2 times (x 82B)
Class org.gradle.internal.installation.GradleInstallation$1                           : loaded 2 times (x 75B)
Class org.gradle.api.internal.classpath.ModuleRegistry                                : loaded 2 times (x 70B)
Class org.gradle.api.internal.classpath.DefaultModuleRegistry                         : loaded 2 times (x 86B)
Class org.gradle.internal.service.ServiceLookupException                              : loaded 2 times (x 82B)
Class org.gradle.internal.classloader.ClassLoaderFactory                              : loaded 2 times (x 70B)
Class org.gradle.internal.service.CachingServiceLocator                               : loaded 2 times (x 82B)
Class org.gradle.internal.classloader.ClasspathUtil                                   : loaded 2 times (x 71B)
Class org.gradle.api.specs.Spec                                                       : loaded 2 times (x 70B)
Class org.gradle.internal.classloader.VisitableURLClassLoader$InstrumentingVisitableURLClassLoader: loaded 2 times (x 123B)
Class org.gradle.internal.classloader.VisitableURLClassLoader$Spec                    : loaded 2 times (x 74B)
Class org.gradle.internal.classpath.DefaultClassPath                                  : loaded 2 times (x 90B)
Class org.gradle.internal.classloader.ClassLoaderSpec                                 : loaded 2 times (x 71B)
Class org.gradle.internal.classloader.VisitableURLClassLoader                         : loaded 2 times (x 117B)
Class org.gradle.internal.Cast                                                        : loaded 2 times (x 71B)
Class org.gradle.api.Action                                                           : loaded 2 times (x 70B)
Class org.gradle.internal.classpath.DefaultClassPath$ImmutableUniqueList$Builder      : loaded 2 times (x 75B)
Class org.gradle.api.GradleException                                                  : loaded 2 times (x 82B)
Class org.gradle.internal.IoActions                                                   : loaded 2 times (x 71B)
Class org.gradle.internal.classloader.SystemClassLoaderSpec                           : loaded 2 times (x 71B)
Class org.gradle.api.internal.classpath.GlobalCacheRootsProvider                      : loaded 2 times (x 70B)
Class org.gradle.internal.installation.CurrentGradleInstallationLocator               : loaded 2 times (x 71B)
Class org.gradle.internal.service.DefaultServiceLocator                               : loaded 2 times (x 83B)
Class org.gradle.internal.installation.CurrentGradleInstallation                      : loaded 2 times (x 73B)
Class org.gradle.util.internal.GUtil                                                  : loaded 2 times (x 71B)
Class org.gradle.internal.installation.GradleInstallation                             : loaded 2 times (x 75B)

---------------  S Y S T E M  ---------------

OS:
 Windows 11 , 64 bit Build 26100 (10.0.26100.7309)
OS uptime: 2 days 23:49 hours

CPU: total 8 (initial active 8) (4 cores per cpu, 2 threads per core) family 6 model 142 stepping 10 microcode 0xe0, cx8, cmov, fxsr, ht, mmx, 3dnowpref, sse, sse2, sse3, ssse3, sse4.1, sse4.2, popcnt, lzcnt, tsc, tscinvbit, avx, avx2, aes, erms, clmul, bmi1, bmi2, adx, fma, vzeroupper, clflush, clflushopt, rdtscp, f16c
Processor Information for the first 8 processors :
  Max Mhz: 1800, Current Mhz: 1600, Mhz Limit: 1584

Memory: 4k page, system-wide physical 8070M (445M free)
TotalPageFile size 32646M (AvailPageFile size 32M)
current process WorkingSet (physical memory assigned to process): 176M, peak: 176M
current process commit charge ("private bytes"): 229M, peak: 251M

vm_info: OpenJDK 64-Bit Server VM (21.0.8+-14196175-b1038.72) for windows-amd64 JRE (21.0.8+-14196175-b1038.72), built on 2025-10-01T10:24:33Z by "builder" with MS VC++ 16.10 / 16.11 (VS2019)

END.
